2025-08-26 15:46:46 [restartedMain] INFO  c.s.order.OrderServiceApplication - Starting OrderServiceApplication using Java 22.0.1 on DESKTOP-5GJ276L with PID 4684 (C:\Users\Dell\Desktop\Middleware\services\order-service\target\classes started by Dell in C:\Users\Dell\Desktop\Middleware)
2025-08-26 15:46:46 [restartedMain] DEBUG c.s.order.OrderServiceApplication - Running with Spring Boot v2.7.14, Spring v5.3.29
2025-08-26 15:46:46 [restartedMain] INFO  c.s.order.OrderServiceApplication - No active profile set, falling back to 1 default profile: "default"
2025-08-26 15:46:46 [restartedMain] WARN  o.s.b.c.config.ConfigDataEnvironment - Property 'spring.profiles' imported from location 'class path resource [application.yml]' is invalid and should be replaced with 'spring.config.activate.on-profile' [origin: class path resource [application.yml] - 100:13]
2025-08-26 15:46:46 [restartedMain] INFO  o.s.b.d.e.DevToolsPropertyDefaultsPostProcessor - Devtools property defaults active! Set 'spring.devtools.add-properties' to 'false' to disable
2025-08-26 15:46:46 [restartedMain] INFO  o.s.b.d.e.DevToolsPropertyDefaultsPostProcessor - For additional web related logging consider setting the 'logging.level.web' property to 'DEBUG'
2025-08-26 15:46:47 [restartedMain] INFO  o.s.d.r.c.RepositoryConfigurationDelegate - Bootstrapping Spring Data JPA repositories in DEFAULT mode.
2025-08-26 15:46:47 [restartedMain] INFO  o.s.d.r.c.RepositoryConfigurationDelegate - Finished Spring Data repository scanning in 118 ms. Found 2 JPA repository interfaces.
2025-08-26 15:46:47 [restartedMain] INFO  o.s.cloud.context.scope.GenericScope - BeanFactory id=096fa572-c092-3193-bd4f-9f870cdcc10c
2025-08-26 15:46:48 [restartedMain] INFO  o.s.b.w.e.tomcat.TomcatWebServer - Tomcat initialized with port(s): 8081 (http)
2025-08-26 15:46:48 [restartedMain] INFO  o.a.catalina.core.StandardService - Starting service [Tomcat]
2025-08-26 15:46:48 [restartedMain] INFO  o.a.catalina.core.StandardEngine - Starting Servlet engine: [Apache Tomcat/9.0.78]
2025-08-26 15:46:48 [restartedMain] INFO  o.a.c.c.C.[Tomcat].[localhost].[/] - Initializing Spring embedded WebApplicationContext
2025-08-26 15:46:48 [restartedMain] INFO  o.s.b.w.s.c.ServletWebServerApplicationContext - Root WebApplicationContext: initialization completed in 1994 ms
2025-08-26 15:46:48 [restartedMain] INFO  com.zaxxer.hikari.HikariDataSource - HikariPool-1 - Starting...
2025-08-26 15:46:48 [restartedMain] INFO  com.zaxxer.hikari.HikariDataSource - HikariPool-1 - Start completed.
2025-08-26 15:46:48 [restartedMain] INFO  o.s.b.a.h.H2ConsoleAutoConfiguration - H2 console available at '/h2-console'. Database available at 'jdbc:h2:mem:orderdb'
2025-08-26 15:46:48 [restartedMain] WARN  o.s.b.w.s.c.AnnotationConfigServletWebServerApplicationContext - Exception encountered during context initialization - cancelling refresh attempt: org.springframework.beans.factory.BeanCreationException: Error creating bean with name 'dataSourceScriptDatabaseInitializer' defined in class path resource [org/springframework/boot/autoconfigure/sql/init/DataSourceInitializationConfiguration.class]: Invocation of init method failed; nested exception is org.springframework.jdbc.datasource.init.ScriptStatementFailedException: Failed to execute SQL script statement #1 of URL [file:/C:/Users/Dell/Desktop/Middleware/services/order-service/target/classes/data.sql]: INSERT INTO clients (client_id, company_name, contact_person, email, phone_number, address, active, created_at) VALUES ('CLIENT-001', 'TechMart Electronics', 'John Silva', 'john@techmart.lk', '+94771234567', 'No 123, Galle Road, Colombo 03', true, CURRENT_TIMESTAMP), ('CLIENT-002', 'Fashion Hub', 'Sarah Fernando', 'sarah@fashionhub.lk', '+94772345678', 'No 456, Kandy Road, Nugegoda', true, CURRENT_TIMESTAMP), ('CLIENT-003', 'Book Paradise', 'Michael Perera', 'michael@bookparadise.lk', '+94773456789', 'No 789, Main Street, Kandy', true, CURRENT_TIMESTAMP), ('CLIENT-004', 'Green Groceries', 'Priya Jayawardena', 'priya@greengroceries.lk', '+94774567890', 'No 321, Temple Road, Maharagama', true, CURRENT_TIMESTAMP), ('CLIENT-005', 'Sports Zone', 'David Rajapaksa', 'david@sportszone.lk', '+94775678901', 'No 654, Baseline Road, Colombo 07', true, CURRENT_TIMESTAMP); nested exception is org.h2.jdbc.JdbcSQLSyntaxErrorException: Table "CLIENTS" not found (this database is empty); SQL statement:
INSERT INTO clients (client_id, company_name, contact_person, email, phone_number, address, active, created_at) VALUES ('CLIENT-001', 'TechMart Electronics', 'John Silva', 'john@techmart.lk', '+94771234567', 'No 123, Galle Road, Colombo 03', true, CURRENT_TIMESTAMP), ('CLIENT-002', 'Fashion Hub', 'Sarah Fernando', 'sarah@fashionhub.lk', '+94772345678', 'No 456, Kandy Road, Nugegoda', true, CURRENT_TIMESTAMP), ('CLIENT-003', 'Book Paradise', 'Michael Perera', 'michael@bookparadise.lk', '+94773456789', 'No 789, Main Street, Kandy', true, CURRENT_TIMESTAMP), ('CLIENT-004', 'Green Groceries', 'Priya Jayawardena', 'priya@greengroceries.lk', '+94774567890', 'No 321, Temple Road, Maharagama', true, CURRENT_TIMESTAMP), ('CLIENT-005', 'Sports Zone', 'David Rajapaksa', 'david@sportszone.lk', '+94775678901', 'No 654, Baseline Road, Colombo 07', true, CURRENT_TIMESTAMP) [42104-214]
2025-08-26 15:46:48 [restartedMain] INFO  com.zaxxer.hikari.HikariDataSource - HikariPool-1 - Shutdown initiated...
2025-08-26 15:46:48 [restartedMain] INFO  com.zaxxer.hikari.HikariDataSource - HikariPool-1 - Shutdown completed.
2025-08-26 15:46:48 [restartedMain] INFO  o.a.catalina.core.StandardService - Stopping service [Tomcat]
2025-08-26 15:46:48 [restartedMain] INFO  o.s.b.a.l.ConditionEvaluationReportLoggingListener - 

Error starting ApplicationContext. To display the conditions report re-run your application with 'debug' enabled.
2025-08-26 15:46:48 [restartedMain] ERROR o.s.boot.SpringApplication - Application run failed
org.springframework.beans.factory.BeanCreationException: Error creating bean with name 'dataSourceScriptDatabaseInitializer' defined in class path resource [org/springframework/boot/autoconfigure/sql/init/DataSourceInitializationConfiguration.class]: Invocation of init method failed; nested exception is org.springframework.jdbc.datasource.init.ScriptStatementFailedException: Failed to execute SQL script statement #1 of URL [file:/C:/Users/Dell/Desktop/Middleware/services/order-service/target/classes/data.sql]: INSERT INTO clients (client_id, company_name, contact_person, email, phone_number, address, active, created_at) VALUES ('CLIENT-001', 'TechMart Electronics', 'John Silva', 'john@techmart.lk', '+94771234567', 'No 123, Galle Road, Colombo 03', true, CURRENT_TIMESTAMP), ('CLIENT-002', 'Fashion Hub', 'Sarah Fernando', 'sarah@fashionhub.lk', '+94772345678', 'No 456, Kandy Road, Nugegoda', true, CURRENT_TIMESTAMP), ('CLIENT-003', 'Book Paradise', 'Michael Perera', 'michael@bookparadise.lk', '+94773456789', 'No 789, Main Street, Kandy', true, CURRENT_TIMESTAMP), ('CLIENT-004', 'Green Groceries', 'Priya Jayawardena', 'priya@greengroceries.lk', '+94774567890', 'No 321, Temple Road, Maharagama', true, CURRENT_TIMESTAMP), ('CLIENT-005', 'Sports Zone', 'David Rajapaksa', 'david@sportszone.lk', '+94775678901', 'No 654, Baseline Road, Colombo 07', true, CURRENT_TIMESTAMP); nested exception is org.h2.jdbc.JdbcSQLSyntaxErrorException: Table "CLIENTS" not found (this database is empty); SQL statement:
INSERT INTO clients (client_id, company_name, contact_person, email, phone_number, address, active, created_at) VALUES ('CLIENT-001', 'TechMart Electronics', 'John Silva', 'john@techmart.lk', '+94771234567', 'No 123, Galle Road, Colombo 03', true, CURRENT_TIMESTAMP), ('CLIENT-002', 'Fashion Hub', 'Sarah Fernando', 'sarah@fashionhub.lk', '+94772345678', 'No 456, Kandy Road, Nugegoda', true, CURRENT_TIMESTAMP), ('CLIENT-003', 'Book Paradise', 'Michael Perera', 'michael@bookparadise.lk', '+94773456789', 'No 789, Main Street, Kandy', true, CURRENT_TIMESTAMP), ('CLIENT-004', 'Green Groceries', 'Priya Jayawardena', 'priya@greengroceries.lk', '+94774567890', 'No 321, Temple Road, Maharagama', true, CURRENT_TIMESTAMP), ('CLIENT-005', 'Sports Zone', 'David Rajapaksa', 'david@sportszone.lk', '+94775678901', 'No 654, Baseline Road, Colombo 07', true, CURRENT_TIMESTAMP) [42104-214]
	at org.springframework.beans.factory.support.AbstractAutowireCapableBeanFactory.initializeBean(AbstractAutowireCapableBeanFactory.java:1804)
	at org.springframework.beans.factory.support.AbstractAutowireCapableBeanFactory.doCreateBean(AbstractAutowireCapableBeanFactory.java:620)
	at org.springframework.beans.factory.support.AbstractAutowireCapableBeanFactory.createBean(AbstractAutowireCapableBeanFactory.java:542)
	at org.springframework.beans.factory.support.AbstractBeanFactory.lambda$doGetBean$0(AbstractBeanFactory.java:335)
	at org.springframework.beans.factory.support.DefaultSingletonBeanRegistry.getSingleton(DefaultSingletonBeanRegistry.java:234)
	at org.springframework.beans.factory.support.AbstractBeanFactory.doGetBean(AbstractBeanFactory.java:333)
	at org.springframework.beans.factory.support.AbstractBeanFactory.getBean(AbstractBeanFactory.java:208)
	at org.springframework.beans.factory.support.AbstractBeanFactory.doGetBean(AbstractBeanFactory.java:322)
	at org.springframework.beans.factory.support.AbstractBeanFactory.getBean(AbstractBeanFactory.java:208)
	at org.springframework.context.support.AbstractApplicationContext.getBean(AbstractApplicationContext.java:1157)
	at org.springframework.context.support.AbstractApplicationContext.finishBeanFactoryInitialization(AbstractApplicationContext.java:911)
	at org.springframework.context.support.AbstractApplicationContext.refresh(AbstractApplicationContext.java:583)
	at org.springframework.boot.web.servlet.context.ServletWebServerApplicationContext.refresh(ServletWebServerApplicationContext.java:147)
	at org.springframework.boot.SpringApplication.refresh(SpringApplication.java:731)
	at org.springframework.boot.SpringApplication.refreshContext(SpringApplication.java:408)
	at org.springframework.boot.SpringApplication.run(SpringApplication.java:307)
	at org.springframework.boot.SpringApplication.run(SpringApplication.java:1303)
	at org.springframework.boot.SpringApplication.run(SpringApplication.java:1292)
	at com.swiftlogistics.order.OrderServiceApplication.main(OrderServiceApplication.java:14)
	at java.base/jdk.internal.reflect.DirectMethodHandleAccessor.invoke(DirectMethodHandleAccessor.java:103)
	at java.base/java.lang.reflect.Method.invoke(Method.java:580)
	at org.springframework.boot.devtools.restart.RestartLauncher.run(RestartLauncher.java:50)
Caused by: org.springframework.jdbc.datasource.init.ScriptStatementFailedException: Failed to execute SQL script statement #1 of URL [file:/C:/Users/Dell/Desktop/Middleware/services/order-service/target/classes/data.sql]: INSERT INTO clients (client_id, company_name, contact_person, email, phone_number, address, active, created_at) VALUES ('CLIENT-001', 'TechMart Electronics', 'John Silva', 'john@techmart.lk', '+94771234567', 'No 123, Galle Road, Colombo 03', true, CURRENT_TIMESTAMP), ('CLIENT-002', 'Fashion Hub', 'Sarah Fernando', 'sarah@fashionhub.lk', '+94772345678', 'No 456, Kandy Road, Nugegoda', true, CURRENT_TIMESTAMP), ('CLIENT-003', 'Book Paradise', 'Michael Perera', 'michael@bookparadise.lk', '+94773456789', 'No 789, Main Street, Kandy', true, CURRENT_TIMESTAMP), ('CLIENT-004', 'Green Groceries', 'Priya Jayawardena', 'priya@greengroceries.lk', '+94774567890', 'No 321, Temple Road, Maharagama', true, CURRENT_TIMESTAMP), ('CLIENT-005', 'Sports Zone', 'David Rajapaksa', 'david@sportszone.lk', '+94775678901', 'No 654, Baseline Road, Colombo 07', true, CURRENT_TIMESTAMP); nested exception is org.h2.jdbc.JdbcSQLSyntaxErrorException: Table "CLIENTS" not found (this database is empty); SQL statement:
INSERT INTO clients (client_id, company_name, contact_person, email, phone_number, address, active, created_at) VALUES ('CLIENT-001', 'TechMart Electronics', 'John Silva', 'john@techmart.lk', '+94771234567', 'No 123, Galle Road, Colombo 03', true, CURRENT_TIMESTAMP), ('CLIENT-002', 'Fashion Hub', 'Sarah Fernando', 'sarah@fashionhub.lk', '+94772345678', 'No 456, Kandy Road, Nugegoda', true, CURRENT_TIMESTAMP), ('CLIENT-003', 'Book Paradise', 'Michael Perera', 'michael@bookparadise.lk', '+94773456789', 'No 789, Main Street, Kandy', true, CURRENT_TIMESTAMP), ('CLIENT-004', 'Green Groceries', 'Priya Jayawardena', 'priya@greengroceries.lk', '+94774567890', 'No 321, Temple Road, Maharagama', true, CURRENT_TIMESTAMP), ('CLIENT-005', 'Sports Zone', 'David Rajapaksa', 'david@sportszone.lk', '+94775678901', 'No 654, Baseline Road, Colombo 07', true, CURRENT_TIMESTAMP) [42104-214]
	at org.springframework.jdbc.datasource.init.ScriptUtils.executeSqlScript(ScriptUtils.java:282)
	at org.springframework.jdbc.datasource.init.ResourceDatabasePopulator.populate(ResourceDatabasePopulator.java:254)
	at org.springframework.jdbc.datasource.init.DatabasePopulatorUtils.execute(DatabasePopulatorUtils.java:54)
	at org.springframework.boot.jdbc.init.DataSourceScriptDatabaseInitializer.runScripts(DataSourceScriptDatabaseInitializer.java:90)
	at org.springframework.boot.sql.init.AbstractScriptDatabaseInitializer.runScripts(AbstractScriptDatabaseInitializer.java:145)
	at org.springframework.boot.sql.init.AbstractScriptDatabaseInitializer.applyScripts(AbstractScriptDatabaseInitializer.java:107)
	at org.springframework.boot.sql.init.AbstractScriptDatabaseInitializer.applyDataScripts(AbstractScriptDatabaseInitializer.java:101)
	at org.springframework.boot.sql.init.AbstractScriptDatabaseInitializer.initializeDatabase(AbstractScriptDatabaseInitializer.java:76)
	at org.springframework.boot.sql.init.AbstractScriptDatabaseInitializer.afterPropertiesSet(AbstractScriptDatabaseInitializer.java:65)
	at org.springframework.beans.factory.support.AbstractAutowireCapableBeanFactory.invokeInitMethods(AbstractAutowireCapableBeanFactory.java:1863)
	at org.springframework.beans.factory.support.AbstractAutowireCapableBeanFactory.initializeBean(AbstractAutowireCapableBeanFactory.java:1800)
	... 21 common frames omitted
Caused by: org.h2.jdbc.JdbcSQLSyntaxErrorException: Table "CLIENTS" not found (this database is empty); SQL statement:
INSERT INTO clients (client_id, company_name, contact_person, email, phone_number, address, active, created_at) VALUES ('CLIENT-001', 'TechMart Electronics', 'John Silva', 'john@techmart.lk', '+94771234567', 'No 123, Galle Road, Colombo 03', true, CURRENT_TIMESTAMP), ('CLIENT-002', 'Fashion Hub', 'Sarah Fernando', 'sarah@fashionhub.lk', '+94772345678', 'No 456, Kandy Road, Nugegoda', true, CURRENT_TIMESTAMP), ('CLIENT-003', 'Book Paradise', 'Michael Perera', 'michael@bookparadise.lk', '+94773456789', 'No 789, Main Street, Kandy', true, CURRENT_TIMESTAMP), ('CLIENT-004', 'Green Groceries', 'Priya Jayawardena', 'priya@greengroceries.lk', '+94774567890', 'No 321, Temple Road, Maharagama', true, CURRENT_TIMESTAMP), ('CLIENT-005', 'Sports Zone', 'David Rajapaksa', 'david@sportszone.lk', '+94775678901', 'No 654, Baseline Road, Colombo 07', true, CURRENT_TIMESTAMP) [42104-214]
	at org.h2.message.DbException.getJdbcSQLException(DbException.java:502)
	at org.h2.message.DbException.getJdbcSQLException(DbException.java:477)
	at org.h2.message.DbException.get(DbException.java:223)
	at org.h2.message.DbException.get(DbException.java:199)
	at org.h2.command.Parser.getTableOrViewNotFoundDbException(Parser.java:8385)
	at org.h2.command.Parser.getTableOrViewNotFoundDbException(Parser.java:8369)
	at org.h2.command.Parser.readTableOrView(Parser.java:8358)
	at org.h2.command.Parser.readTableOrView(Parser.java:8328)
	at org.h2.command.Parser.parseInsert(Parser.java:1632)
	at org.h2.command.Parser.parsePrepared(Parser.java:814)
	at org.h2.command.Parser.parse(Parser.java:689)
	at org.h2.command.Parser.parse(Parser.java:661)
	at org.h2.command.Parser.prepareCommand(Parser.java:569)
	at org.h2.engine.SessionLocal.prepareLocal(SessionLocal.java:631)
	at org.h2.engine.SessionLocal.prepareCommand(SessionLocal.java:554)
	at org.h2.jdbc.JdbcConnection.prepareCommand(JdbcConnection.java:1116)
	at org.h2.jdbc.JdbcStatement.executeInternal(JdbcStatement.java:237)
	at org.h2.jdbc.JdbcStatement.execute(JdbcStatement.java:223)
	at com.zaxxer.hikari.pool.ProxyStatement.execute(ProxyStatement.java:94)
	at com.zaxxer.hikari.pool.HikariProxyStatement.execute(HikariProxyStatement.java)
	at org.springframework.jdbc.datasource.init.ScriptUtils.executeSqlScript(ScriptUtils.java:261)
	... 31 common frames omitted
